it global_time dt alp_min
       0  0.00000000E+00  2.80648096E+00   1.63588636E-01   1.57490446E-08   9.94253288E-01
       8  2.03001708E+01  2.80511975E+00   1.63588583E-01   1.57209966E-08   9.94253288E-01
      16  4.06003416E+01  2.80402590E+00   1.63588528E-01   1.56917373E-08   9.94251657E-01
      24  6.09005124E+01  2.80311137E+00   1.63588475E-01   1.56633776E-08   9.94250928E-01
      32  8.12006832E+01  2.80236092E+00   1.63588424E-01   1.56363375E-08   9.94250164E-01
      40  1.01500854E+02  2.80175148E+00   1.63588376E-01   1.56105748E-08   9.94250164E-01
      49  1.24602325E+02  2.80124737E+00   1.63588326E-01   1.55827265E-08   9.94249430E-01
      58  1.47703137E+02  2.80092830E+00   1.63588276E-01   1.55564611E-08   9.94248596E-01
      67  1.70803754E+02  2.80077148E+00   1.63588231E-01   1.55317714E-08   9.94247725E-01
      76  1.93904616E+02  2.80079240E+00   1.63588190E-01   1.55086436E-08   9.94246816E-01
      84  2.14205203E+02  2.80094097E+00   1.63588159E-01   1.54895956E-08   9.94245947E-01
      92  2.34506273E+02  2.80120935E+00   1.63588130E-01   1.54717322E-08   9.94244965E-01
     100  2.54807827E+02  2.80158684E+00   1.63588105E-01   1.54550953E-08   9.94244965E-01
     108  2.75109848E+02  2.80208636E+00   1.63588076E-01   1.54395829E-08   9.94243944E-01
     116  2.95412317E+02  2.80270102E+00   1.63588043E-01   1.54252356E-08   9.94242884E-01
     124  3.15715218E+02  2.80342779E+00   1.63588002E-01   1.54120538E-08   9.94241877E-01
     132  3.36018552E+02  2.80425338E+00   1.63587953E-01   1.54000185E-08   9.94240742E-01
     140  3.56322314E+02  2.80518378E+00   1.63587900E-01   1.53891823E-08   9.94240742E-01
     148  3.76626497E+02  2.80622343E+00   1.63587842E-01   1.53794378E-08   9.94239568E-01
     156  3.96931097E+02  2.80736282E+00   1.63587779E-01   1.53708293E-08   9.94238355E-01
     164  4.17236076E+02  2.80860357E+00   1.63587709E-01   1.53633576E-08   9.94237207E-01
     172  4.37541313E+02  2.80948726E+00   1.63587634E-01   1.53570096E-08   9.94235916E-01
     181  4.60647899E+02  2.80844575E+00   1.63587536E-01   1.53511618E-08   9.94234586E-01
     190  4.83750895E+02  2.80736398E+00   1.63587421E-01   1.53468296E-08   9.94234586E-01
     199  5.06851640E+02  6.52629853E-01   1.63587293E-01   1.53438825E-08   9.94233215E-01
     208  5.27804441E+02  2.80514866E+00   1.63587171E-01   1.53424581E-08   9.94231923E-01
     216  5.48104612E+02  2.80401936E+00   1.63587056E-01   1.53421997E-08   9.94230475E-01
     224  5.68404782E+02  2.80280692E+00   1.63586944E-01   1.53430506E-08   9.94228985E-01
     233  5.91506457E+02  2.80131628E+00   1.63586821E-01   1.53453784E-08   9.94227453E-01
     242  6.14605116E+02  2.79969028E+00   1.63586704E-01   1.53491458E-08   9.94226010E-01
     251  6.37700352E+02  2.79790971E+00   1.63586592E-01   1.53543387E-08   9.94224397E-01
     260  6.60791758E+02  2.79597410E+00   1.63586485E-01   1.53610448E-08   9.94224397E-01
     269  6.83879054E+02  2.79393305E+00   1.63586384E-01   1.53690997E-08   9.94222743E-01
     278  7.06962208E+02  2.79184755E+00   1.63586289E-01   1.53785938E-08   9.94221047E-01
     287  7.30041372E+02  7.64777260E-01   1.63586201E-01   1.53895219E-08   9.94219448E-01
     296  7.51106320E+02  2.78783959E+00   1.63586127E-01   1.54007315E-08   9.94217670E-01
     304  7.71406490E+02  2.78593997E+00   1.63586057E-01   1.54126925E-08   9.94215849E-01
     313  7.94490620E+02  2.78367920E+00   1.63585980E-01   1.54276379E-08   9.94213986E-01
     322  8.17570285E+02  2.78128395E+00   1.63585900E-01   1.54439525E-08   9.94212228E-01
     331  8.40645060E+02  2.77872300E+00   1.63585813E-01   1.54618947E-08   9.94210283E-01
     340  8.63714405E+02  2.77595562E+00   1.63585716E-01   1.54815982E-08   9.94210283E-01
     349  8.86777800E+02  2.77301277E+00   1.63585609E-01   1.55021981E-08   9.94208296E-01
     358  9.09835049E+02  2.76996577E+00   1.63585497E-01   1.55235604E-08   9.94206267E-01
     367  9.32886276E+02  9.21580900E-01   1.63585383E-01   1.55466983E-08   9.94204347E-01
     376  9.54108028E+02  2.76407282E+00   1.63585278E-01   1.55694699E-08   9.94202235E-01
     385  9.77169594E+02  2.76103184E+00   1.63585162E-01   1.55958452E-08   9.94200081E-01
     394  1.00022547E+03  2.75800366E+00   1.63585044E-01   1.56238855E-08   9.94197885E-01
     403  1.02327565E+03  2.75497904E+00   1.63584923E-01   1.56533961E-08   9.94195800E-01
     412  1.04632014E+03  2.75195583E+00   1.63584797E-01   1.56843628E-08   9.94193520E-01
     421  1.06935891E+03  2.74891865E+00   1.63584668E-01   1.57168784E-08   9.94191198E-01
     430  1.09239176E+03  2.74581117E+00   1.63584536E-01   1.57510395E-08   9.94191198E-01
     439  1.11541822E+03  1.09116955E+00   1.63584403E-01   1.57865852E-08   9.94188834E-01
     448  1.13680956E+03  2.73949466E+00   1.63584279E-01   1.58210767E-08   9.94186584E-01
     456  1.15710974E+03  2.73653147E+00   1.63584162E-01   1.58551635E-08   9.94184136E-01
     464  1.17740991E+03  2.73366654E+00   1.63584047E-01   1.58903506E-08   9.94181646E-01
     472  1.19771008E+03  2.73102460E+00   1.63583931E-01   1.59270463E-08   9.94179114E-01
     480  1.21801025E+03  2.72867382E+00   1.63583816E-01   1.59653947E-08   9.94179114E-01
     488  1.23831042E+03  2.72663463E+00   1.63583699E-01   1.60049751E-08   9.94176695E-01
     496  1.25861059E+03  2.72484220E+00   1.63583586E-01   1.60461952E-08   9.94174079E-01
     504  1.27891076E+03  2.72320759E+00   1.63583478E-01   1.60917061E-08   9.94171420E-01
     512  1.29921093E+03  2.72164290E+00   1.63583375E-01   1.61360108E-08   9.94168718E-01
     520  1.31951110E+03  2.72007977E+00   1.63583275E-01   1.61730377E-08   9.94168718E-01
     528  1.33981127E+03  2.71849942E+00   1.63583181E-01   1.62017339E-08   9.94166132E-01
     536  1.36011144E+03  2.71688567E+00   1.63583094E-01   1.62286650E-08   9.94163346E-01
     544  1.38041161E+03  2.71524764E+00   1.63583013E-01   1.62656713E-08   9.94160517E-01
     552  1.40071179E+03  2.71360454E+00   1.63582934E-01   1.63095231E-08   9.94157645E-01
     560  1.42101196E+03  2.71196111E+00   1.63582856E-01   1.63531058E-08   9.94157645E-01
     568  1.44131213E+03  2.71034734E+00   1.63582777E-01   1.63954394E-08   9.94154891E-01
     576  1.46161230E+03  2.70875555E+00   1.63582701E-01   1.64380389E-08   9.94151934E-01
     584  1.48191247E+03  2.70717475E+00   1.63582627E-01   1.64870881E-08   9.94148935E-01
     592  1.50221264E+03  2.70558970E+00   1.63582550E-01   1.65456521E-08   9.94145892E-01
     600  1.52251281E+03  2.70396868E+00   1.63582470E-01   1.66103589E-08   9.94145892E-01
     608  1.54281298E+03  2.70232037E+00   1.63582389E-01   1.66630765E-08   9.94142969E-01
     616  1.56311315E+03  2.70063433E+00   1.63582303E-01   1.66960882E-08   9.94139842E-01
     624  1.58341332E+03  2.69892107E+00   1.63582213E-01   1.67114518E-08   9.94136673E-01
     632  1.60371349E+03  2.69719719E+00   1.63582127E-01   1.67238154E-08   9.94133461E-01
     640  1.62401366E+03  2.69546693E+00   1.63582046E-01   1.67598630E-08   9.94133461E-01
     648  1.64431383E+03  2.69376479E+00   1.63581970E-01   1.68041780E-08   9.94130368E-01
     656  1.66461401E+03  2.69208080E+00   1.63581904E-01   1.68492422E-08   9.94127069E-01
     664  1.68491418E+03  2.69040378E+00   1.63581847E-01   1.68944168E-08   9.94123726E-01
     672  1.70521435E+03  2.68871586E+00   1.63581799E-01   1.69402593E-08   9.94120339E-01
     680  1.72551452E+03  2.68698628E+00   1.63581756E-01   1.69905189E-08   9.94120339E-01
     688  1.74581469E+03  2.68522557E+00   1.63581719E-01   1.70468062E-08   9.94117070E-01
     696  1.76611486E+03  2.68342191E+00   1.63581687E-01   1.71040181E-08   9.94113595E-01
     704  1.78641503E+03  2.68158572E+00   1.63581657E-01   1.71615609E-08   9.94110077E-01
     712  1.80671520E+03  2.67973094E+00   1.63581630E-01   1.72136195E-08   9.94106515E-01
     720  1.82701537E+03  2.67786019E+00   1.63581604E-01   1.72643153E-08   9.94106515E-01
     728  1.84731554E+03  2.67600868E+00   1.63581579E-01   1.73277457E-08   9.94103070E-01
     736  1.86761571E+03  2.67416368E+00   1.63581555E-01   1.73953658E-08   9.94099421E-01
     744  1.88791588E+03  2.67231539E+00   1.63581531E-01   1.74633442E-08   9.94095728E-01
     752  1.90821606E+03  2.67044678E+00   1.63581508E-01   1.75304669E-08   9.94091992E-01
     760  1.92851623E+03  2.66852651E+00   1.63581487E-01   1.75990139E-08   9.94091992E-01
     768  1.94881640E+03  2.66657054E+00   1.63581465E-01   1.76735763E-08   9.94088370E-01
     776  1.96911657E+03  2.66456086E+00   1.63581444E-01   1.77641723E-08   9.94084547E-01
     784  1.98941674E+03  2.66250184E+00   1.63581420E-01   1.78851008E-08   9.94080681E-01
     792  2.00971691E+03  2.66040397E+00   1.63581393E-01   1.79751080E-08   9.94076774E-01
     800  2.03001708E+03  2.65826940E+00   1.63581364E-01   1.80110850E-08   9.94076774E-01
     809  2.05297340E+03  2.65586676E+00   1.63581329E-01   1.79732595E-08   9.94072975E-01
     818  2.07592521E+03  2.65347658E+00   1.63581291E-01   1.78870898E-08   9.94068983E-01
     827  2.09887253E+03  2.65108862E+00   1.63581250E-01   1.78572945E-08   9.94064948E-01
     836  2.12181525E+03  2.64865794E+00   1.63581208E-01   1.78808234E-08   9.94060868E-01
     845  2.14475302E+03  2.64612135E+00   1.63581164E-01   1.79131922E-08   9.94056887E-01
     854  2.16768526E+03  2.64341532E+00   1.63581119E-01   1.79515227E-08   9.94052715E-01
     863  2.19061142E+03  1.80702734E+00   1.63581072E-01   1.79986284E-08   9.94048496E-01
     872  2.21271862E+03  2.63769356E+00   1.63581027E-01   1.80479014E-08   9.94044230E-01
     881  2.23565389E+03  2.63479756E+00   1.63580981E-01   1.80995698E-08   9.94040052E-01
     890  2.25858407E+03  2.63211446E+00   1.63580934E-01   1.81524546E-08   9.94040052E-01
     899  2.28151000E+03  2.62978371E+00   1.63580887E-01   1.82084116E-08   9.94035691E-01
     908  2.30443269E+03  2.62780889E+00   1.63580840E-01   1.82676027E-08   9.94031283E-01
     917  2.32735293E+03  2.62613644E+00   1.63580793E-01   1.83277415E-08   9.94026828E-01
     926  2.35027112E+03  2.62466879E+00   1.63580744E-01   1.83879323E-08   9.94022450E-01
     935  2.37318726E+03  1.93272221E+00   1.63580692E-01   1.84491282E-08   9.94017897E-01
     944  2.39542015E+03  2.62195308E+00   1.63580635E-01   1.85108137E-08   9.94013297E-01
     953  2.41834101E+03  2.62051417E+00   1.63580568E-01   1.86004075E-08   9.94008648E-01
     962  2.44125903E+03  2.61901417E+00   1.63580495E-01   1.86901400E-08   9.94004073E-01
     971  2.46417414E+03  2.61749146E+00   1.63580421E-01   1.87687856E-08   9.93999328E-01
     980  2.48708643E+03  2.61596744E+00   1.63580348E-01   1.88381838E-08   9.93999328E-01
     989  2.50999605E+03  2.61450696E+00   1.63580276E-01   1.89090151E-08   9.93994534E-01
     998  2.53290312E+03  2.61308589E+00   1.63580202E-01   1.89950151E-08   9.93989692E-01
    1007  2.55580765E+03  2.01387557E+00   1.63580128E-01   1.90813727E-08   9.93984918E-01
    1016  2.57812169E+03  2.61030428E+00   1.63580056E-01   1.91651410E-08   9.93979978E-01
    1024  2.59842186E+03  2.60902199E+00   1.63579989E-01   1.92499728E-08   9.93974989E-01
    1032  2.61872203E+03  2.60769672E+00   1.63579922E-01   1.93437342E-08   9.93969951E-01
    1041  2.64162850E+03  2.60613614E+00   1.63579846E-01   1.94432153E-08   9.93964976E-01
    1050  2.66453193E+03  2.60449177E+00   1.63579771E-01   1.95322576E-08   9.93964976E-01
    1059  2.68743216E+03  2.60281604E+00   1.63579700E-01   1.96128678E-08   9.93959841E-01
    1068  2.71032910E+03  2.60109795E+00   1.63579631E-01   1.96977840E-08   9.93954656E-01
    1077  2.73322263E+03  2.59933919E+00   1.63579563E-01   1.97970450E-08   9.93949423E-01
    1086  2.75611264E+03  2.59754129E+00   1.63579495E-01   1.98968564E-08   9.93944245E-01
    1095  2.77899905E+03  2.12435407E+00   1.63579427E-01   1.99965338E-08   9.93938914E-01
    1104  2.80142357E+03  2.59388558E+00   1.63579361E-01   2.01041609E-08   9.93933533E-01
    1112  2.82172374E+03  2.59219407E+00   1.63579302E-01   2.02118447E-08   9.93928104E-01
    1120  2.84202391E+03  2.59040292E+00   1.63579242E-01   2.03157674E-08   9.93928104E-01
    1129  2.86491260E+03  2.58826420E+00   1.63579174E-01   2.04206940E-08   9.93922721E-01
    1138  2.88779699E+03  2.58596453E+00   1.63579107E-01   2.05106760E-08   9.93917194E-01
    1147  2.91067675E+03  2.58355649E+00   1.63579040E-01   2.06153971E-08   9.93911619E-01
    1156  2.93355190E+03  2.58114495E+00   1.63578973E-01   2.07361460E-08   9.93905997E-01
    1165  2.95642281E+03  2.57884018E+00   1.63578906E-01   2.08541847E-08   9.93900405E-01
    1174  2.97929011E+03  2.57670906E+00   1.63578840E-01   2.09721224E-08   9.93894684E-01
    1183  3.00215443E+03  2.27084811E+00   1.63578773E-01   2.11215650E-08   9.93888915E-01
    1192  3.02472545E+03  2.57299020E+00   1.63578705E-01   2.12987438E-08   9.93883098E-01
    1201  3.04759707E+03  2.57128034E+00   1.63578636E-01   2.14312008E-08   9.93877298E-01
    1210  3.07046551E+03  2.56957361E+00   1.63578566E-01   2.14837480E-08   9.93877298E-01
    1219  3.09333075E+03  2.56787336E+00   1.63578494E-01   2.14533570E-08   9.93871385E-01
    1228  3.11619265E+03  2.56612975E+00   1.63578422E-01   2.13779993E-08   9.93865424E-01
    1237  3.13905109E+03  2.56434611E+00   1.63578349E-01   2.13325769E-08   9.93859415E-01
    1246  3.16190600E+03  2.56253575E+00   1.63578276E-01   2.13538956E-08   9.93853408E-01
    1255  3.18475738E+03  2.36943856E+00   1.63578202E-01   2.13945960E-08   9.93847293E-01
    1264  3.20742699E+03  2.55890761E+00   1.63578128E-01   2.14440348E-08   9.93841126E-01
    1272  3.22772716E+03  2.55728594E+00   1.63578062E-01   2.14938620E-08   9.93834905E-01
    1280  3.24802733E+03  2.55562154E+00   1.63577996E-01   2.15482738E-08   9.93834905E-01
    1289  3.27088145E+03  2.55373464E+00   1.63577921E-01   2.16132110E-08   9.93828666E-01
    1298  3.29373192E+03  2.55179387E+00   1.63577846E-01   2.16812313E-08   9.93822332E-01
    1307  3.31657860E+03  2.54979757E+00   1.63577770E-01   2.17515535E-08   9.93815942E-01
    1316  3.33942136E+03  2.54775737E+00   1.63577695E-01   2.18236720E-08   9.93809497E-01
    1325  3.36226012E+03  2.54568930E+00   1.63577620E-01   2.18974288E-08   9.93803017E-01
    1334  3.38509487E+03  2.54360854E+00   1.63577545E-01   2.19728833E-08   9.93796457E-01
    1343  3.40792563E+03  2.50306470E+00   1.63577471E-01   2.20498564E-08   9.93789840E-01
    1352  3.43072887E+03  2.53940600E+00   1.63577397E-01   2.21331375E-08   9.93783166E-01
    1361  3.45356650E+03  2.53724990E+00   1.63577324E-01   2.22355734E-08   9.93776437E-01
    1371  3.47639998E+03  2.53503011E+00   1.63577250E-01   2.23405013E-08   9.93770326E-01
    1381  3.49922910E+03  2.53274628E+00   1.63577178E-01   2.24472986E-08   9.93764168E-01
    1391  3.52205371E+03  2.53040522E+00   1.63577106E-01   2.25553869E-08   9.93757962E-01
    1401  3.54487372E+03  2.52802160E+00   1.63577034E-01   2.26642755E-08   9.93751708E-01
    1411  3.56768908E+03  2.52560906E+00   1.63576963E-01   2.27735333E-08   9.93745407E-01
    1421  3.59049974E+03  2.52317461E+00   1.63576893E-01   2.28829757E-08   9.93739057E-01
    1431  3.61330565E+03  1.24752290E-01   1.63576823E-01   2.29925763E-08   9.93732658E-01
    1441  3.63373057E+03  2.51846572E+00   1.63576761E-01   2.30912562E-08   9.93726886E-01
    1450  3.65403074E+03  2.51616209E+00   1.63576700E-01   2.31908056E-08   9.93726886E-01
    1460  3.67684474E+03  2.51352508E+00   1.63576632E-01   2.33040613E-08   9.93720389E-01
    1470  3.69965361E+03  2.51080449E+00   1.63576565E-01   2.34201264E-08   9.93713843E-01
    1480  3.72245716E+03  2.50800693E+00   1.63576498E-01   2.35395929E-08   9.93707248E-01
    1490  3.74525522E+03  2.50515236E+00   1.63576432E-01   2.36612132E-08   9.93700604E-01
    1500  3.76804773E+03  2.50226652E+00   1.63576367E-01   2.37831310E-08   9.93693909E-01
    1510  3.79083471E+03  2.49936711E+00   1.63576302E-01   2.39043979E-08   9.93687165E-01
    1520  3.81361613E+03  2.49644637E+00   1.63576237E-01   2.40252776E-08   9.93680371E-01
    1530  3.83639175E+03  3.40527114E-01   1.63576172E-01   2.41461310E-08   9.93673526E-01
    1540  3.85703245E+03  2.49066913E+00   1.63576114E-01   2.42556224E-08   9.93667285E-01
    1549  3.87733262E+03  2.48780159E+00   1.63576057E-01   2.43643812E-08   9.93660336E-01
    1559  3.90011761E+03  2.48443619E+00   1.63575992E-01   2.44895649E-08   9.93653336E-01
    1569  3.92289606E+03  2.48097330E+00   1.63575927E-01   2.46181046E-08   9.93646285E-01
    1579  3.94566791E+03  2.47750360E+00   1.63575862E-01   2.47492332E-08   9.93639182E-01
    1589  3.96843343E+03  2.47411654E+00   1.63575796E-01   2.48817220E-08   9.93632028E-01
    1599  3.99119313E+03  2.47088766E+00   1.63575730E-01   2.50146244E-08   9.93624822E-01
    1609  4.01394756E+03  2.46783553E+00   1.63575664E-01   2.51474496E-08   9.93617563E-01
    1619  4.03669719E+03  2.46494857E+00   1.63575599E-01   2.52804001E-08   9.93610251E-01
    1629  4.05944225E+03  5.91905207E-01   1.63575533E-01   2.54145522E-08   9.93603501E-01
    1639  4.08033433E+03  2.45972426E+00   1.63575472E-01   2.55390988E-08   9.93596079E-01
    1648  4.10063450E+03  2.45737127E+00   1.63575413E-01   2.56614175E-08   9.93588603E-01
    1657  4.12093467E+03  2.45503344E+00   1.63575354E-01   2.57854385E-08   9.93581072E-01
    1666  4.14123484E+03  2.45269894E+00   1.63575295E-01   2.59113065E-08   9.93573488E-01
    1675  4.16153501E+03  2.45036465E+00   1.63575237E-01   2.60385435E-08   9.93565848E-01
    1684  4.18183518E+03  2.44803170E+00   1.63575178E-01   2.61665588E-08   9.93558153E-01
    1693  4.20213536E+03  2.44570256E+00   1.63575119E-01   2.62951834E-08   9.93550403E-01
    1703  4.22487891E+03  2.44309478E+00   1.63575053E-01   2.64406693E-08   9.93542597E-01
    1713  4.24761753E+03  2.44048944E+00   1.63574986E-01   2.65881492E-08   9.93535318E-01
    1723  4.27035121E+03  2.43789094E+00   1.63574920E-01   2.67370594E-08   9.93527396E-01
    1733  4.29307997E+03  2.43529295E+00   1.63574854E-01   2.68868344E-08   9.93519417E-01
    1743  4.31580382E+03  2.43269341E+00   1.63574787E-01   2.70379664E-08   9.93511382E-01
    1753  4.33852273E+03  2.43009120E+00   1.63574721E-01   2.71908202E-08   9.93503288E-01
    1763  4.36123670E+03  2.42748586E+00   1.63574654E-01   2.73447178E-08   9.93495137E-01
    1773  4.38394571E+03  8.91180496E-01   1.63574587E-01   2.74997216E-08   9.93486928E-01
    1783  4.40513706E+03  2.42244084E+00   1.63574525E-01   2.76463538E-08   9.93478660E-01
    1792  4.42543723E+03  2.42010442E+00   1.63574465E-01   2.77890753E-08   9.93470333E-01
    1801  4.44573741E+03  2.41775974E+00   1.63574406E-01   2.79339679E-08   9.93462493E-01
    1811  4.46845296E+03  2.41512895E+00   1.63574339E-01   2.80984367E-08   9.93454043E-01
    1821  4.49116352E+03  2.41249260E+00   1.63574272E-01   2.82648414E-08   9.93445534E-01
    1831  4.51386908E+03  2.40985167E+00   1.63574204E-01   2.84323340E-08   9.93436964E-01
    1841  4.53656962E+03  2.40720694E+00   1.63574137E-01   2.86000283E-08   9.93428333E-01
    1851  4.55926515E+03  2.40455796E+00   1.63574070E-01   2.87673980E-08   9.93419642E-01
    1861  4.58195562E+03  2.40190308E+00   1.63574003E-01   2.89347601E-08   9.93410889E-01
    1871  4.60464104E+03  2.39924104E+00   1.63573936E-01   2.91031699E-08   9.93402074E-01
    1881  4.62732136E+03  1.11758326E+00   1.63573868E-01   2.92740321E-08   9.93393197E-01
    1891  4.64873911E+03  2.39404437E+00   1.63573805E-01   2.94385330E-08   9.93384754E-01
    1900  4.66903928E+03  2.39161406E+00   1.63573745E-01   2.95975028E-08   9.93384754E-01
    1910  4.69172867E+03  2.38892802E+00   1.63573677E-01   2.97776596E-08   9.93375746E-01
    1920  4.71441296E+03  2.38623975E+00   1.63573610E-01   2.99617837E-08   9.93366674E-01
    1930  4.73709216E+03  2.38354922E+00   1.63573542E-01   3.01467889E-08   9.93357539E-01
    1940  4.75976625E+03  2.38085471E+00   1.63573474E-01   3.03316249E-08   9.93348339E-01
    1950  4.78243521E+03  2.37815396E+00   1.63573407E-01   3.05185876E-08   9.93339074E-01
    1960  4.80509902E+03  2.37544536E+00   1.63573339E-01   3.07092067E-08   9.93329744E-01
    1970  4.82775765E+03  2.37272858E+00   1.63573272E-01   3.09029701E-08   9.93320348E-01
    1980  4.85041108E+03  1.32973895E+00   1.63573205E-01   3.10978511E-08   9.93310886E-01
    1990  4.87204099E+03  2.36739700E+00   1.63573140E-01   3.12845884E-08   9.93301797E-01
    1999  4.89234116E+03  2.36495018E+00   1.63573080E-01   3.14610904E-08   9.93292195E-01
    2009  4.91500383E+03  2.36220957E+00   1.63573012E-01   3.16597329E-08   9.93282526E-01
    2019  4.93766130E+03  2.35946501E+00   1.63572944E-01   3.18594083E-08   9.93272789E-01
    2029  4.96031356E+03  2.35671607E+00   1.63572877E-01   3.20602919E-08   9.93262984E-01
    2039  4.98296059E+03  2.35396184E+00   1.63572809E-01   3.22631061E-08   9.93253110E-01
    2049  5.00560238E+03  2.35120156E+00   1.63572741E-01   3.24685841E-08   9.93243166E-01
    2059  5.02823890E+03  2.34843519E+00   1.63572673E-01   3.26771023E-08   9.93233153E-01
    2069  5.05087015E+03  2.34566304E+00   1.63572606E-01   3.28885265E-08   9.93223069E-01
    2079  5.07349609E+03  1.54661004E+00   1.63572538E-01   3.31023399E-08   9.93213283E-01
    2089  5.09534287E+03  2.34019619E+00   1.63572473E-01   3.33103789E-08   9.93203049E-01
    2098  5.11564304E+03  2.33769623E+00   1.63572412E-01   3.35047668E-08   9.93192744E-01
    2107  5.13594321E+03  2.33519115E+00   1.63572351E-01   3.37003530E-08   9.93182365E-01
    2117  5.15857606E+03  2.33238823E+00   1.63572283E-01   3.39205453E-08   9.93171914E-01
    2127  5.18120359E+03  2.32957839E+00   1.63572215E-01   3.41437520E-08   9.93161389E-01
    2137  5.20382577E+03  2.32676194E+00   1.63572147E-01   3.43707611E-08   9.93150790E-01
    2147  5.22644260E+03  2.32394002E+00   1.63572079E-01   3.46017475E-08   9.93140117E-01
    2157  5.24905405E+03  2.32111343E+00   1.63572011E-01   3.48361954E-08   9.93129368E-01
    2167  5.27166011E+03  2.31828076E+00   1.63571943E-01   3.50731852E-08   9.93118828E-01
    2177  5.29426074E+03  2.31544373E+00   1.63571875E-01   3.53117881E-08   9.93107918E-01
    2187  5.31685594E+03  1.78881266E+00   1.63571808E-01   3.55517244E-08   9.93096930E-01
    2197  5.33894492E+03  2.30981149E+00   1.63571741E-01   3.57878744E-08   9.93085865E-01
    2206  5.35924509E+03  2.30724453E+00   1.63571681E-01   3.60066430E-08   9.93074722E-01
    2216  5.38184993E+03  2.30437432E+00   1.63571613E-01   3.62529133E-08   9.93063500E-01
    2226  5.40444932E+03  2.30149790E+00   1.63571544E-01   3.65021286E-08   9.93052198E-01
    2236  5.42704324E+03  2.29861638E+00   1.63571475E-01   3.67544658E-08   9.93040817E-01
    2246  5.44963167E+03  2.29572974E+00   1.63571406E-01   3.70099246E-08   9.93029355E-01
    2256  5.47221461E+03  2.29283636E+00   1.63571336E-01   3.72684436E-08   9.93017997E-01
    2266  5.49479198E+03  2.28993721E+00   1.63571267E-01   3.75299535E-08   9.93006360E-01
    2276  5.51736380E+03  2.28702963E+00   1.63571197E-01   3.77945046E-08   9.92994642E-01
    2286  5.53993004E+03  2.01659284E+00   1.63571127E-01   3.80620886E-08   9.92982839E-01
    2296  5.56224680E+03  2.28121546E+00   1.63571059E-01   3.83297107E-08   9.92970953E-01
    2305  5.58254697E+03  2.27857614E+00   1.63570997E-01   3.85755908E-08   9.92958982E-01
    2315  5.60512307E+03  2.27562743E+00   1.63570927E-01   3.88519988E-08   9.92946925E-01
    2325  5.62769356E+03  2.27266938E+00   1.63570858E-01   3.91312857E-08   9.92934783E-01
    2335  5.65025841E+03  2.26970103E+00   1.63570789E-01   3.94135466E-08   9.92922553E-01
    2345  5.67281759E+03  2.26672225E+00   1.63570719E-01   3.96988604E-08   9.92910304E-01
    2355  5.69537103E+03  2.26373481E+00   1.63570650E-01   3.99872431E-08   9.92897886E-01
    2365  5.71791876E+03  2.26073910E+00   1.63570581E-01   4.02788168E-08   9.92885379E-01
    2375  5.74046075E+03  2.25773575E+00   1.63570512E-01   4.05737677E-08   9.92872782E-01
    2385  5.76299699E+03  2.25151770E+00   1.63570443E-01   4.08722704E-08   9.92860094E-01
    2395  5.78552746E+03  2.12185829E-02   1.63570375E-01   4.11743748E-08   9.92847314E-01
    2406  5.80584885E+03  2.24898094E+00   1.63570313E-01   4.14499036E-08   9.92835732E-01
    2416  5.82614902E+03  2.24625012E+00   1.63570252E-01   4.17278703E-08   9.92824071E-01
    2427  5.84869270E+03  2.24320632E+00   1.63570184E-01   4.20399127E-08   9.92812332E-01
    2438  5.87123059E+03  2.24015540E+00   1.63570116E-01   4.23556565E-08   9.92800514E-01
    2449  5.89376267E+03  2.23709659E+00   1.63570048E-01   4.26758234E-08   9.92788615E-01
    2460  5.91628890E+03  2.23402875E+00   1.63569980E-01   4.30007037E-08   9.92776635E-01
    2471  5.93880927E+03  2.23099454E+00   1.63569912E-01   4.33281000E-08   9.92752431E-01
    2482  5.96132380E+03  2.22791057E+00   1.63569843E-01   4.36601678E-08   9.92740205E-01
    2493  5.98383243E+03  2.22482178E+00   1.63569774E-01   4.39948285E-08   9.92727896E-01
    2504  6.00633517E+03  2.22172826E+00   1.63569703E-01   4.43323681E-08   9.92715502E-01
    2515  6.02883197E+03  3.18753752E-01   1.63569631E-01   4.46735892E-08   9.92703023E-01
    2526  6.04945090E+03  2.21578380E+00   1.63569565E-01   4.49901561E-08   9.92690459E-01
    2537  6.07196404E+03  2.21266328E+00   1.63569492E-01   4.53406896E-08   9.92677809E-01
    2548  6.09447124E+03  2.20953201E+00   1.63569419E-01   4.56962029E-08   9.92665071E-01
    2559  6.11697245E+03  2.20638978E+00   1.63569346E-01   4.60567253E-08   9.92652245E-01
    2570  6.13946765E+03  2.20323575E+00   1.63569273E-01   4.64222697E-08   9.92639331E-01
    2581  6.16195681E+03  2.20011542E+00   1.63569201E-01   4.67910575E-08   9.92613232E-01
    2592  6.18443995E+03  2.19693866E+00   1.63569129E-01   4.71667586E-08   9.92600046E-01
    2603  6.20691698E+03  2.19375268E+00   1.63569057E-01   4.75473558E-08   9.92586768E-01
    2614  6.22938790E+03  2.19055786E+00   1.63568986E-01   4.79327146E-08   9.92573397E-01
    2625  6.25185266E+03  5.99943110E-01   1.63568916E-01   4.83229762E-08   9.92559933E-01
    2636  6.27275278E+03  2.18436848E+00   1.63568850E-01   4.86905393E-08   9.92546374E-01
    2646  6.29305295E+03  2.18146107E+00   1.63568787E-01   4.90516763E-08   9.92532720E-01
    2657  6.31553166E+03  2.17822692E+00   1.63568717E-01   4.94564874E-08   9.92518969E-01
    2668  6.33800421E+03  2.17498299E+00   1.63568648E-01   4.98662128E-08   9.92505121E-01
    2679  6.36047056E+03  2.17172890E+00   1.63568579E-01   5.02809564E-08   9.92491175E-01
    2690  6.38293068E+03  2.16846304E+00   1.63568510E-01   5.07006010E-08   9.92477130E-01
    2701  6.40538454E+03  2.16523431E+00   1.63568441E-01   5.11228174E-08   9.92448740E-01
    2712  6.42783216E+03  2.16194561E+00   1.63568371E-01   5.15521020E-08   9.92434392E-01
    2723  6.45027346E+03  2.15864752E+00   1.63568300E-01   5.19865913E-08   9.92419942E-01
    2734  6.47270842E+03  2.15533984E+00   1.63568229E-01   5.24265627E-08   9.92405388E-01
    2745  6.49513701E+03  9.17646090E-01   1.63568156E-01   5.28721976E-08   9.92390729E-01
    2756  6.51635483E+03  2.14887598E+00   1.63568087E-01   5.32989818E-08   9.92375965E-01
    2767  6.53880086E+03  2.14553468E+00   1.63568014E-01   5.37562908E-08   9.92361093E-01
    2778  6.56124051E+03  2.14218483E+00   1.63567941E-01   5.42196036E-08   9.92346114E-01
    2789  6.58367377E+03  2.13882676E+00   1.63567869E-01   5.46894197E-08   9.92331026E-01
    2800  6.60610059E+03  2.13545838E+00   1.63567796E-01   5.51661547E-08   9.92315829E-01
    2811  6.62852097E+03  2.13213146E+00   1.63567723E-01   5.56471447E-08   9.92285098E-01
    2822  6.65093491E+03  2.12874125E+00   1.63567651E-01   5.61368440E-08   9.92269563E-01
    2833  6.67334234E+03  2.12534139E+00   1.63567579E-01   5.66319183E-08   9.92253914E-01
    2844  6.69574322E+03  2.12193156E+00   1.63567506E-01   5.71321987E-08   9.92238149E-01
    2855  6.71813752E+03  1.21901175E+00   1.63567434E-01   5.76384391E-08   9.92222268E-01
    2866  6.73965671E+03  2.11521519E+00   1.63567364E-01   5.81317405E-08   9.92206268E-01
    2877  6.76206898E+03  2.11176895E+00   1.63567292E-01   5.86539705E-08   9.92190148E-01
    2888  6.78447466E+03  2.10831347E+00   1.63567219E-01   5.91850850E-08   9.92173909E-01
    2899  6.80687375E+03  2.10484990E+00   1.63567147E-01   5.97250801E-08   9.92157547E-01
    2910  6.82926620E+03  2.10137635E+00   1.63567075E-01   6.02737050E-08   9.92141062E-01
    2921  6.85165199E+03  2.09794799E+00   1.63567003E-01   6.08275664E-08   9.92107717E-01
    2932  6.87403115E+03  2.09445151E+00   1.63566932E-01   6.13923455E-08   9.92090855E-01
    2943  6.89640358E+03  2.09094392E+00   1.63566861E-01   6.19645816E-08   9.92073864E-01
    2954  6.91876924E+03  2.08742531E+00   1.63566791E-01   6.25440002E-08   9.92056744E-01
    2965  6.94112810E+03  1.53031048E+00   1.63566721E-01   6.31307207E-08   9.92039492E-01
    2976  6.96295858E+03  2.08044038E+00   1.63566653E-01   6.37112161E-08   9.92022107E-01
    2986  6.98325876E+03  2.07722142E+00   1.63566590E-01   6.42581942E-08   9.92004589E-01
    2997  7.00563292E+03  2.07365876E+00   1.63566520E-01   6.48702370E-08   9.91986935E-01
    3008  7.02800028E+03  2.07008746E+00   1.63566449E-01   6.54917561E-08   9.91969144E-01
    3019  7.05036080E+03  2.06650605E+00   1.63566376E-01   6.61229186E-08   9.91951214E-01
    3030  7.07271445E+03  2.06291031E+00   1.63566303E-01   6.67635500E-08   9.91933145E-01
    3041  7.09506118E+03  2.05935996E+00   1.63566227E-01   6.74094820E-08   9.91896580E-01
    3052  7.11740102E+03  2.05573406E+00   1.63566149E-01   6.80679648E-08   9.91878082E-01
    3063  7.13973386E+03  2.05209550E+00   1.63566069E-01   6.87360321E-08   9.91859437E-01
    3074  7.16205967E+03  2.04844531E+00   1.63565988E-01   6.94148057E-08   9.91840645E-01
    3085  7.18437844E+03  1.88202787E+00   1.63565906E-01   7.01046067E-08   9.91821703E-01
    3096  7.20656063E+03  2.04113564E+00   1.63565824E-01   7.08003531E-08   9.91802610E-01
    3107  7.22889860E+03  2.03744979E+00   1.63565741E-01   7.15101406E-08   9.91783364E-01
    3118  7.25122951E+03  2.03375386E+00   1.63565659E-01   7.22290108E-08   9.91763962E-01
    3129  7.27355334E+03  2.03004733E+00   1.63565577E-01   7.29584939E-08   9.91744405E-01
    3141  7.29587005E+03  2.02638118E+00   1.63565495E-01   7.36961828E-08   9.91706804E-01
    3153  7.31817968E+03  2.02263501E+00   1.63565413E-01   7.44508424E-08   9.91688783E-01
    3165  7.34048210E+03  2.01887921E+00   1.63565333E-01   7.52176141E-08   9.91670621E-01
    3177  7.36277726E+03  2.01511340E+00   1.63565253E-01   7.59961228E-08   9.91652319E-01
    3189  7.38506515E+03  2.01133723E+00   1.63565173E-01   7.67868104E-08   9.91633874E-01
    3201  7.40734575E+03  2.00760918E+00   1.63565093E-01   7.75855603E-08   9.91594700E-01
    3213  7.42961902E+03  2.43491549E-01   1.63565014E-01   7.84018331E-08   9.91575842E-01
    3225  7.45016268E+03  2.00027780E+00   1.63564941E-01   7.91651692E-08   9.91556835E-01
    3236  7.47046285E+03  1.99678963E+00   1.63564869E-01   7.99293882E-08   9.91537677E-01
    3247  7.49076303E+03  1.99329114E+00   1.63564797E-01   8.07047032E-08   9.91518367E-01
    3258  7.51106320E+03  1.98978210E+00   1.63564724E-01   8.14929237E-08   9.91498903E-01
    3269  7.53136337E+03  1.98626204E+00   1.63564652E-01   8.22949478E-08   9.91479282E-01
    3280  7.55166354E+03  1.98273031E+00   1.63564579E-01   8.31102141E-08   9.91459503E-01
    3292  7.57394295E+03  1.97888810E+00   1.63564498E-01   8.40144018E-08   9.91419464E-01
    3304  7.59621490E+03  1.97498015E+00   1.63564417E-01   8.49369198E-08   9.91397586E-01
    3316  7.61847933E+03  1.97105069E+00   1.63564336E-01   8.58731049E-08   9.91377187E-01
    3328  7.64073620E+03  1.96710919E+00   1.63564254E-01   8.68217093E-08   9.91356620E-01
    3340  7.66298547E+03  1.96315410E+00   1.63564172E-01   8.77829841E-08   9.91335884E-01
    3352  7.68522715E+03  1.95923563E+00   1.63564089E-01   8.87540516E-08   9.91293896E-01
    3364  7.70746117E+03  1.95523597E+00   1.63564006E-01   8.97499066E-08   9.91272639E-01
    3376  7.72968742E+03  1.95122146E+00   1.63563923E-01   9.07669652E-08   9.91251203E-01
    3388  7.75190586E+03  1.94719425E+00   1.63563839E-01   9.18043452E-08   9.91229587E-01
    3400  7.77411648E+03  8.48939390E-01   1.63563756E-01   9.28599016E-08   9.91207788E-01
    3412  7.79526559E+03  1.93936108E+00   1.63563676E-01   9.38738100E-08   9.91162354E-01
    3423  7.81556576E+03  1.93563885E+00   1.63563599E-01   9.48670202E-08   9.91140031E-01
    3434  7.83586593E+03  1.93189991E+00   1.63563522E-01   9.58743111E-08   9.91117517E-01
    3445  7.85616610E+03  1.92814281E+00   1.63563444E-01   9.68966735E-08   9.91094808E-01
    3456  7.87646627E+03  1.92436850E+00   1.63563367E-01   9.79354646E-08   9.91071902E-01
    3467  7.89676644E+03  1.92057967E+00   1.63563289E-01   9.89919417E-08   9.91048797E-01
    3479  7.91898339E+03  1.91641480E+00   1.63563203E-01   1.00170314E-07   9.91025489E-01
    3491  7.94119235E+03  1.91230211E+00   1.63563116E-01   1.01363834E-07   9.90978255E-01
    3503  7.96339339E+03  1.90809533E+00   1.63563029E-01   1.02586760E-07   9.90954323E-01
    3515  7.98558632E+03  1.90387237E+00   1.63562942E-01   1.03832401E-07   9.90930177E-01
    3527  8.00777103E+03  1.89963637E+00   1.63562853E-01   1.05100597E-07   9.90904966E-01
    3539  8.02994751E+03  1.89538006E+00   1.63562764E-01   1.06392513E-07   9.90880434E-01
    3551  8.05211573E+03  1.89117402E+00   1.63562674E-01   1.07700176E-07   9.90830702E-01
    3563  8.07427576E+03  1.88686833E+00   1.63562582E-01   1.09039844E-07   9.90805495E-01
    3575  8.09642739E+03  1.88254571E+00   1.63562491E-01   1.10404498E-07   9.90780058E-01
    3587  8.11857057E+03  1.49775199E+00   1.63562398E-01   1.11794971E-07   9.90754386E-01
    3599  8.14036849E+03  1.87391512E+00   1.63562306E-01   1.13189947E-07   9.90728477E-01
    3611  8.16253856E+03  1.86959970E+00   1.63562211E-01   1.14627237E-07   9.90675931E-01
    3623  8.18470034E+03  1.86518016E+00   1.63562116E-01   1.16100897E-07   9.90649288E-01
    3635  8.20685353E+03  1.86074559E+00   1.63562021E-01   1.17601613E-07   9.90622093E-01
    3647  8.22899815E+03  1.85629271E+00   1.63561925E-01   1.19130368E-07   9.90595005E-01
    3659  8.25113416E+03  1.85182261E+00   1.63561828E-01   1.20688509E-07   9.90567659E-01
    3671  8.27326149E+03  1.84740529E+00   1.63561731E-01   1.22269273E-07   9.90512177E-01
    3683  8.29538021E+03  1.84287732E+00   1.63561634E-01   1.23897413E-07   9.90484034E-01
    3696  8.31749009E+03  1.83831661E+00   1.63561537E-01   1.25565384E-07   9.90458464E-01
    3709  8.33959100E+03  1.83374130E+00   1.63561439E-01   1.27268700E-07   9.90432655E-01
    3722  8.36168304E+03  1.82921478E+00   1.63561341E-01   1.28990060E-07   9.90377653E-01
    3735  8.38376598E+03  2.04562535E-01   1.63561242E-01   1.30748128E-07   9.90351163E-01
    3748  8.40427071E+03  1.82026983E+00   1.63561150E-01   1.32407479E-07   9.90324421E-01
    3760  8.42457088E+03  1.81598613E+00   1.63561058E-01   1.34085967E-07   9.90297422E-01
    3772  8.44487105E+03  1.81175904E+00   1.63560966E-01   1.35795326E-07   9.90240208E-01
    3784  8.46517122E+03  1.80742086E+00   1.63560873E-01   1.37559858E-07   9.90212481E-01
    3796  8.48547139E+03  1.80306560E+00   1.63560780E-01   1.39358772E-07   9.90184484E-01
    3808  8.50577157E+03  1.79869315E+00   1.63560686E-01   1.41182190E-07   9.90156212E-01
    3820  8.52607174E+03  1.79430361E+00   1.63560591E-01   1.43030192E-07   9.90127661E-01
    3832  8.54637191E+03  1.78997022E+00   1.63560495E-01   1.44899948E-07   9.90067591E-01
    3844  8.56667208E+03  1.78552448E+00   1.63560398E-01   1.46829217E-07   9.90038248E-01
    3856  8.58697225E+03  1.78106231E+00   1.63560301E-01   1.48807199E-07   9.90008609E-01
    3868  8.60727242E+03  1.77658390E+00   1.63560203E-01   1.50830437E-07   9.89978671E-01
    3880  8.62757259E+03  1.77208922E+00   1.63560104E-01   1.52894881E-07   9.89948426E-01
    3892  8.64787276E+03  1.76765131E+00   1.63560004E-01   1.54985166E-07   9.89885262E-01
    3904  8.66817293E+03  1.76310026E+00   1.63559904E-01   1.57134321E-07   9.89854155E-01
    3916  8.68847310E+03  1.75853382E+00   1.63559803E-01   1.59330313E-07   9.89822724E-01
    3928  8.70877327E+03  1.75395284E+00   1.63559702E-01   1.61575160E-07   9.89790964E-01
    3940  8.72907344E+03  1.74935705E+00   1.63559600E-01   1.63870027E-07   9.89758868E-01
    3952  8.74937361E+03  1.74481773E+00   1.63559498E-01   1.66197802E-07   9.89692344E-01
    3964  8.76967379E+03  1.74016113E+00   1.63559395E-01   1.68591641E-07   9.89659307E-01
    3976  8.78997396E+03  1.73548348E+00   1.63559291E-01   1.71035925E-07   9.89625914E-01
    3988  8.81027413E+03  1.73078446E+00   1.63559187E-01   1.73533412E-07   9.89592159E-01
    4000  8.83057430E+03  1.72606493E+00   1.63559082E-01   1.76087655E-07   9.89558036E-01
    4012  8.85087447E+03  1.72139887E+00   1.63558977E-01   1.78682914E-07   9.89487855E-01
    4024  8.87117464E+03  1.71661522E+00   1.63558871E-01   1.81360200E-07   9.89452699E-01
    4036  8.89147481E+03  1.71181389E+00   1.63558764E-01   1.84101658E-07   9.89417152E-01
    4048  8.91177498E+03  1.70699589E+00   1.63558656E-01   1.86906317E-07   9.89381205E-01
    4060  8.93207515E+03  1.70216258E+00   1.63558548E-01   1.89776781E-07   9.89344852E-01
    4072  8.95237532E+03  1.69738736E+00   1.63558438E-01   1.92693637E-07   9.89270680E-01
    4084  8.97267549E+03  1.69249859E+00   1.63558328E-01   1.95701104E-07   9.89233193E-01
    4097  8.99297566E+03  1.68759600E+00   1.63558216E-01   1.98778736E-07   9.89195273E-01
    4110  9.01327584E+03  1.68266765E+00   1.63558104E-01   2.01929993E-07   9.89160758E-01
    4123  9.03357601E+03  1.67780350E+00   1.63557990E-01   2.05131436E-07   9.89086964E-01
    4136  9.05387618E+03  1.67281671E+00   1.63557875E-01   2.08433226E-07   9.89051374E-01
    4149  9.07417635E+03  1.66782199E+00   1.63557758E-01   2.11816053E-07   9.89015376E-01
    4162  9.09447652E+03  1.66290337E+00   1.63557641E-01   2.15257665E-07   9.88938860E-01
    4175  9.11477669E+03  1.65784043E+00   1.63557522E-01   2.18813095E-07   9.88901717E-01
    4188  9.13507686E+03  1.65275766E+00   1.63557401E-01   2.22459252E-07   9.88864140E-01
    4201  9.15537703E+03  1.64773250E+00   1.63557279E-01   2.26170480E-07   9.88787647E-01
    4214  9.17567720E+03  1.64256392E+00   1.63557156E-01   2.29999117E-07   9.88745942E-01
    4227  9.19597737E+03  1.63734466E+00   1.63557030E-01   2.33927336E-07   9.88706681E-01
    4240  9.21627754E+03  1.63209140E+00   1.63556904E-01   2.37956390E-07   9.88666945E-01
    4253  9.23657771E+03  1.62687224E+00   1.63556775E-01   2.42053383E-07   9.88583660E-01
    4266  9.25687788E+03  1.62150181E+00   1.63556645E-01   2.46279480E-07   9.88542599E-01
    4279  9.27717806E+03  1.61610132E+00   1.63556514E-01   2.50611536E-07   9.88501029E-01
    4292  9.29747823E+03  1.61076248E+00   1.63556380E-01   2.55032340E-07   9.88414442E-01
    4305  9.31777840E+03  1.60527754E+00   1.63556245E-01   2.59626203E-07   9.88371453E-01
    4318  9.33807857E+03  1.59979340E+00   1.63556109E-01   2.64364863E-07   9.88327917E-01
    4331  9.35837874E+03  1.59441618E+00   1.63555970E-01   2.69206624E-07   9.88239154E-01
    4344  9.37867891E+03  1.58892934E+00   1.63555830E-01   2.74214308E-07   9.88192753E-01
    4357  9.39897908E+03  1.58347207E+00   1.63555688E-01   2.79354218E-07   9.88147108E-01
    4370  9.41927925E+03  1.57806059E+00   1.63555544E-01   2.84630149E-07   9.88100863E-01
    4383  9.43957942E+03  1.57276267E+00   1.63555398E-01   2.90006177E-07   9.88005964E-01
    4396  9.45987959E+03  1.56739575E+00   1.63555251E-01   2.95569656E-07   9.87958057E-01
    4409  9.48017976E+03  1.56207282E+00   1.63555103E-01   3.01282137E-07   9.87909505E-01
    4423  9.50047993E+03  1.55686489E+00   1.63554952E-01   3.07101584E-07   9.87810497E-01
    4437  9.52078011E+03  1.55152110E+00   1.63554800E-01   3.13130891E-07   9.87765206E-01
    4451  9.54108028E+03  1.54628497E+00   1.63554646E-01   3.19283093E-07   9.87672799E-01
    4465  9.56138045E+03  1.54090444E+00   1.63554490E-01   3.25650160E-07   9.87621258E-01
    4479  9.58168062E+03  1.53547595E+00   1.63554333E-01   3.32215184E-07   9.87573674E-01
    4493  9.60198079E+03  1.53008608E+00   1.63554174E-01   3.38935997E-07   9.87472507E-01
    4507  9.62228096E+03  1.52448331E+00   1.63554013E-01   3.45942694E-07   9.87423140E-01
    4521  9.64258113E+03  1.51890937E+00   1.63553850E-01   3.53155024E-07   9.87322313E-01
    4535  9.66288130E+03  1.51310098E+00   1.63553685E-01   3.60699737E-07   9.87267450E-01
    4549  9.68318147E+03  1.50719151E+00   1.63553518E-01   3.68557686E-07   9.87215463E-01
    4563  9.70348164E+03  1.50127775E+00   1.63553349E-01   3.76680223E-07   9.87106336E-01
    4577  9.72378181E+03  1.49513132E+00   1.63553177E-01   3.85200159E-07   9.87052310E-01
    4591  9.74408198E+03  1.48902346E+00   1.63553003E-01   3.93986266E-07   9.86941832E-01
    4605  9.76438215E+03  1.48268719E+00   1.63552827E-01   4.03155468E-07   9.86883344E-01
    4619  9.78468233E+03  1.47629959E+00   1.63552647E-01   4.12617558E-07   9.86826316E-01
    4633  9.80498250E+03  1.46995669E+00   1.63552465E-01   4.22252191E-07   9.86708281E-01
    4647  9.82528267E+03  1.46344138E+00   1.63552281E-01   4.32166819E-07   9.86648929E-01
    4661  9.84558284E+03  1.45703242E+00   1.63552093E-01   4.42159052E-07   9.86527428E-01
    4675  9.86588301E+03  1.45042782E+00   1.63551902E-01   4.52357678E-07   9.86464993E-01
    4690  9.88618318E+03  1.44382586E+00   1.63551708E-01   4.62676779E-07   9.86402198E-01
    4705  9.90648335E+03  1.43726530E+00   1.63551511E-01   4.73047959E-07   9.86280574E-01
    4720  9.92678352E+03  1.43057117E+00   1.63551310E-01   4.83687037E-07   9.86221663E-01
    4735  9.94708369E+03  1.42393233E+00   1.63551105E-01   4.94479330E-07   9.86095753E-01
    4750  9.96738386E+03  1.41714889E+00   1.63550897E-01   5.05707721E-07   9.86034269E-01
    4765  9.98768403E+03  1.41040515E+00   1.63550685E-01   5.17270959E-07   9.85903751E-01
    4780  1.00079842E+04  1.40350999E+00   1.63550470E-01   5.29493398E-07   9.85839487E-01
    4795  1.00282844E+04  1.39664842E+00   1.63550250E-01   5.42273059E-07   9.85704003E-01
    4810  1.00485845E+04  1.38964161E+00   1.63550026E-01   5.55945893E-07   9.85636733E-01
    4825  1.00688847E+04  1.38267477E+00   1.63549798E-01   5.70377044E-07   9.85495897E-01
    4840  1.00891849E+04  1.37558036E+00   1.63549567E-01   5.85889310E-07   9.85425380E-01
    4855  1.01094851E+04  1.36854121E+00   1.63549331E-01   6.02277546E-07   9.85278807E-01
    4870  1.01297852E+04  1.36139927E+00   1.63549091E-01   6.19836996E-07   9.85204801E-01
    4885  1.01500854E+04  1.35433036E+00   1.63548847E-01   6.38288206E-07   9.85052113E-01
    4901  1.01703856E+04  1.34729227E+00   1.63548599E-01   6.57742702E-07   9.84903088E-01
    4917  1.01906857E+04  1.34009399E+00   1.63548347E-01   6.78284620E-07   9.84823247E-01
    4933  1.02109859E+04  1.33306338E+00   1.63548091E-01   6.99550885E-07   9.84668173E-01
    4949  1.02312861E+04  1.32588779E+00   1.63547832E-01   7.21786255E-07   9.84592410E-01
    4965  1.02515863E+04  1.31885859E+00   1.63547570E-01   7.44596184E-07   9.84430910E-01
    4981  1.02718864E+04  1.31185965E+00   1.63547305E-01   7.68169754E-07   9.84270039E-01
    4997  1.02921866E+04  1.30469173E+00   1.63547036E-01   7.92719049E-07   9.84182952E-01
    5013  1.03124868E+04  1.29767856E+00   1.63546765E-01   8.17948772E-07   9.84010084E-01
    5029  1.03327869E+04  1.29048775E+00   1.63546492E-01   8.44427294E-07   9.83923603E-01
    5045  1.03530871E+04  1.28338320E+00   1.63546216E-01   8.71864601E-07   9.83743178E-01
    5061  1.03733873E+04  1.27627123E+00   1.63545940E-01   9.00655110E-07   9.83559009E-01
    5077  1.03936874E+04  1.26889348E+00   1.63545662E-01   9.31236218E-07   9.83463517E-01
    5094  1.04139876E+04  1.26162131E+00   1.63545383E-01   9.63249044E-07   9.83269550E-01
    5111  1.04342878E+04  1.25422778E+00   1.63545103E-01   9.97124976E-07   9.83088686E-01
    5128  1.04545880E+04  1.24659562E+00   1.63544823E-01   1.03315766E-06   9.82987465E-01
    5145  1.04748881E+04  1.23902366E+00   1.63544542E-01   1.07084066E-06   9.82789283E-01
    5162  1.04951883E+04  1.23139250E+00   1.63544260E-01   1.11044528E-06   9.82585317E-01
    5179  1.05154885E+04  1.22347711E+00   1.63543980E-01   1.15234356E-06   9.82484019E-01
    5196  1.05357886E+04  1.21562190E+00   1.63543700E-01   1.19578640E-06   9.82270422E-01
    5213  1.05560888E+04  1.20770804E+00   1.63543422E-01   1.24114612E-06   9.82050372E-01
    5230  1.05763890E+04  1.19955289E+00   1.63543146E-01   1.28893397E-06   9.81939108E-01
    5247  1.05966892E+04  1.19140224E+00   1.63542872E-01   1.33839119E-06   9.81708184E-01
    5265  1.06169893E+04  1.18318034E+00   1.63542601E-01   1.39010275E-06   9.81469952E-01
    5283  1.06372895E+04  1.17483027E+00   1.63542333E-01   1.44435464E-06   9.81236401E-01
    5301  1.06575897E+04  1.16633526E+00   1.63542068E-01   1.50140462E-06   9.81003741E-01
    5319  1.06778898E+04  1.15754676E+00   1.63541808E-01   1.56207986E-06   9.80875926E-01
    5337  1.06981900E+04  1.14875574E+00   1.63541550E-01   1.62566135E-06   9.80622051E-01
    5355  1.07184902E+04  1.13981997E+00   1.63541297E-01   1.69309961E-06   9.80359434E-01
    5373  1.07387904E+04  1.13072988E+00   1.63541046E-01   1.76483727E-06   9.80087520E-01
    5392  1.07590905E+04  1.12147836E+00   1.63540798E-01   1.84138864E-06   9.79805698E-01
    5411  1.07793907E+04  1.11194950E+00   1.63540553E-01   1.92342612E-06   9.79540303E-01
    5430  1.07996909E+04  1.10211795E+00   1.63540309E-01   2.01213844E-06   9.79391356E-01
    5449  1.08199910E+04  1.09223860E+00   1.63540065E-01   2.10668604E-06   9.79096854E-01
    5468  1.08402912E+04  1.08218309E+00   1.63539822E-01   2.20856350E-06   9.78790759E-01
    5487  1.08605914E+04  1.07195534E+00   1.63539574E-01   2.31864928E-06   9.78472262E-01
    5507  1.08808915E+04  1.06155861E+00   1.63539327E-01   2.43784886E-06   9.78140470E-01
    5527  1.09011917E+04  1.05095697E+00   1.63539071E-01   2.56732274E-06   9.77811992E-01
    5547  1.09214919E+04  1.04018310E+00   1.63538809E-01   2.70815247E-06   9.77469402E-01
    5567  1.09417921E+04  1.02923313E+00   1.63538549E-01   2.86168880E-06   9.77111670E-01
    5587  1.09620922E+04  1.01810021E+00   1.63538289E-01   3.02943900E-06   9.76737674E-01
    5608  1.09823924E+04  1.00677456E+00   1.63538028E-01   3.21310389E-06   9.76346189E-01
    5629  1.10026926E+04  9.95215458E-01   1.63537765E-01   3.41484455E-06   9.75956685E-01
    5650  1.10229927E+04  9.83444342E-01   1.63537501E-01   3.63674291E-06   9.75548391E-01
    5671  1.10432929E+04  9.71584855E-01   1.63537236E-01   3.87875909E-06   9.74899420E-01
    5693  1.10635931E+04  9.59289761E-01   1.63536965E-01   4.14871618E-06   9.74434792E-01
    5715  1.10838933E+04  9.46668595E-01   1.63536688E-01   4.44817688E-06   9.73975844E-01
    5737  1.11041934E+04  9.33791525E-01   1.63536400E-01   4.78094520E-06   9.73492387E-01
    5759  1.11244936E+04  9.20646070E-01   1.63536107E-01   5.15187696E-06   9.72982256E-01
    5782  1.11447938E+04  9.07348552E-01   1.63535807E-01   5.56205085E-06   9.72163389E-01
    5805  1.11650939E+04  8.93459636E-01   1.63535498E-01   6.02792566E-06   9.71609643E-01
    5828  1.11853941E+04  8.79292841E-01   1.63535182E-01   6.55357399E-06   9.71022485E-01
    5852  1.12056943E+04  8.64947770E-01   1.63534855E-01   7.14247932E-06   9.70074345E-01
    5876  1.12259945E+04  8.49951613E-01   1.63534516E-01   7.82171415E-06   9.69428773E-01
    5901  1.12462946E+04  8.34772584E-01   1.63534161E-01   8.59229132E-06   9.68410524E-01
    5926  1.12665948E+04  8.18948738E-01   1.63533789E-01   9.49109263E-06   9.67660484E-01
    5952  1.12868950E+04  8.02882633E-01   1.63533395E-01   1.05247731E-05   9.66483615E-01
    5978  1.13071951E+04  7.86068860E-01   1.63532976E-01   1.17521162E-05   9.65678268E-01
    6005  1.13274953E+04  7.68910426E-01   1.63532526E-01   1.31863010E-05   9.64346279E-01
    6032  1.13477955E+04  7.51195389E-01   1.63532040E-01   1.48994372E-05   9.62926809E-01
    6060  1.13680956E+04  7.32741066E-01   1.63531510E-01   1.69940716E-05   9.61898469E-01
    6089  1.13883958E+04  7.13748844E-01   1.63530928E-01   1.95282544E-05   9.60253298E-01
    6118  1.14086960E+04  6.94100578E-01   1.63530278E-01   2.26739973E-05   9.58474454E-01
    6148  1.14289962E+04  6.73804713E-01   1.63529543E-01   2.66370595E-05   9.56469849E-01
    6179  1.14492963E+04  6.52878277E-01   1.63528710E-01   3.17345492E-05   9.54267326E-01
    6211  1.14695965E+04  6.31503785E-01   1.63527786E-01   3.83449402E-05   9.50975689E-01
    6244  1.14898967E+04  6.09678379E-01   1.63526829E-01   4.73838233E-05   9.48096831E-01
    6278  1.15101968E+04  5.87740119E-01   1.63525933E-01   6.00444471E-05   9.44866854E-01
    6314  1.15304970E+04  5.65883262E-01   1.63525139E-01   7.82005282E-05   9.39767699E-01
    6351  1.15507972E+04  5.42739225E-01   1.63524406E-01   1.06087144E-04   9.33688652E-01
    6390  1.15710974E+04  5.16714458E-01   1.63523726E-01   1.52936656E-04   9.27949645E-01
    6431  1.15913975E+04  4.87656679E-01   1.63523080E-01   2.35683989E-04   9.15815225E-01
    6457  1.16038286E+04  4.67642588E-01   1.63522668E-01   3.28067724E-04   9.09367650E-01
    6475  1.16116977E+04  4.53825874E-01   1.63522397E-01   3.89791404E-04   9.01726447E-01
    6524  1.16319979E+04  3.85034679E-01   1.63521893E-01   5.45516404E-04   8.80226414E-01
